<?xml version="1.0" encoding="UTF-8"?>
<coverage generated="1783453827163" clover="3.2.0">
  <project timestamp="1783453827163" name="All files">
    <metrics statements="17" coveredstatements="16" conditionals="22" coveredconditionals="19" methods="4" coveredmethods="4" elements="43" coveredelements="39" complexity="0" loc="17" ncloc="17" packages="1" files="1" classes="1"/>
    <file name="ChatListItem.tsx" path="/Users/ivanturcan/Desktop/Project/flirt/mobile/src/features/chat/ChatListItem.tsx">
      <metrics statements="17" coveredstatements="16" conditionals="22" coveredconditionals="19" methods="4" coveredmethods="4"/>
      <line num="18" count="11" type="cond" truecount="2" falsecount="0"/>
      <line num="19" count="10" type="stmt"/>
      <line num="20" count="10" type="cond" truecount="2" falsecount="0"/>
      <line num="21" count="9" type="stmt"/>
      <line num="22" count="9" type="cond" truecount="2" falsecount="0"/>
      <line num="23" count="3" type="cond" truecount="2" falsecount="0"/>
      <line num="24" count="2" type="stmt"/>
      <line num="25" count="2" type="cond" truecount="2" falsecount="0"/>
      <line num="26" count="1" type="stmt"/>
      <line num="27" count="1" type="cond" truecount="1" falsecount="1"/>
      <line num="28" count="0" type="stmt"/>
      <line num="32" count="11" type="cond" truecount="1" falsecount="1"/>
      <line num="36" count="11" type="stmt"/>
      <line num="37" count="11" type="stmt"/>
      <line num="39" count="11" type="stmt"/>
      <line num="43" count="11" type="stmt"/>
      <line num="113" count="1" type="stmt"/>
    </file>
  </project>
</coverage>
