{"/Users/ivanturcan/Desktop/Project/flirt/mobile/src/features/chat/ChatListItem.tsx": {"path":"/Users/ivanturcan/Desktop/Project/flirt/mobile/src/features/chat/ChatListItem.tsx","statementMap":{"0":{"start":{"line":18,"column":2},"end":{"line":18,"column":22}},"1":{"start":{"line":18,"column":12},"end":{"line":18,"column":22}},"2":{"start":{"line":19,"column":15},"end":{"line":19,"column":38}},"3":{"start":{"line":20,"column":2},"end":{"line":20,"column":36}},"4":{"start":{"line":20,"column":26},"end":{"line":20,"column":36}},"5":{"start":{"line":21,"column":18},"end":{"line":21,"column":57}},"6":{"start":{"line":22,"column":2},"end":{"line":22,"column":33}},"7":{"start":{"line":22,"column":19},"end":{"line":22,"column":33}},"8":{"start":{"line":23,"column":2},"end":{"line":23,"column":44}},"9":{"start":{"line":23,"column":20},"end":{"line":23,"column":44}},"10":{"start":{"line":24,"column":16},"end":{"line":24,"column":40}},"11":{"start":{"line":25,"column":2},"end":{"line":25,"column":38}},"12":{"start":{"line":25,"column":18},"end":{"line":25,"column":38}},"13":{"start":{"line":26,"column":16},"end":{"line":26,"column":38}},"14":{"start":{"line":27,"column":2},"end":{"line":27,"column":37}},"15":{"start":{"line":27,"column":17},"end":{"line":27,"column":37}},"16":{"start":{"line":28,"column":2},"end":{"line":28,"column":87}},"17":{"start":{"line":32,"column":2},"end":{"line":32,"column":52}},"18":{"start":{"line":36,"column":50},"end":{"line":36,"column":60}},"19":{"start":{"line":37,"column":20},"end":{"line":37,"column":40}},"20":{"start":{"line":39,"column":2},"end":{"line":110,"column":4}},"21":{"start":{"line":43,"column":30},"end":{"line":52,"column":7}},"22":{"start":{"line":113,"column":15},"end":{"line":160,"column":2}}},"fnMap":{"0":{"name":"shortTime","decl":{"start":{"line":17,"column":9},"end":{"line":17,"column":18}},"loc":{"start":{"line":17,"column":41},"end":{"line":29,"column":1}},"line":17},"1":{"name":"initial","decl":{"start":{"line":31,"column":9},"end":{"line":31,"column":16}},"loc":{"start":{"line":31,"column":39},"end":{"line":33,"column":1}},"line":31},"2":{"name":"ChatListItem","decl":{"start":{"line":35,"column":16},"end":{"line":35,"column":28}},"loc":{"start":{"line":35,"column":55},"end":{"line":111,"column":1}},"line":35},"3":{"name":"(anonymous_3)","decl":{"start":{"line":43,"column":13},"end":{"line":43,"column":14}},"loc":{"start":{"line":43,"column":30},"end":{"line":52,"column":7}},"line":43}},"branchMap":{"0":{"loc":{"start":{"line":18,"column":2},"end":{"line":18,"column":22}},"type":"if","locations":[{"start":{"line":18,"column":2},"end":{"line":18,"column":22}},{"start":{},"end":{}}],"line":18},"1":{"loc":{"start":{"line":20,"column":2},"end":{"line":20,"column":36}},"type":"if","locations":[{"start":{"line":20,"column":2},"end":{"line":20,"column":36}},{"start":{},"end":{}}],"line":20},"2":{"loc":{"start":{"line":22,"column":2},"end":{"line":22,"column":33}},"type":"if","locations":[{"start":{"line":22,"column":2},"end":{"line":22,"column":33}},{"start":{},"end":{}}],"line":22},"3":{"loc":{"start":{"line":23,"column":2},"end":{"line":23,"column":44}},"type":"if","locations":[{"start":{"line":23,"column":2},"end":{"line":23,"column":44}},{"start":{},"end":{}}],"line":23},"4":{"loc":{"start":{"line":25,"column":2},"end":{"line":25,"column":38}},"type":"if","locations":[{"start":{"line":25,"column":2},"end":{"line":25,"column":38}},{"start":{},"end":{}}],"line":25},"5":{"loc":{"start":{"line":27,"column":2},"end":{"line":27,"column":37}},"type":"if","locations":[{"start":{"line":27,"column":2},"end":{"line":27,"column":37}},{"start":{},"end":{}}],"line":27},"6":{"loc":{"start":{"line":32,"column":9},"end":{"line":32,"column":51}},"type":"binary-expr","locations":[{"start":{"line":32,"column":9},"end":{"line":32,"column":44}},{"start":{"line":32,"column":48},"end":{"line":32,"column":51}}],"line":32},"7":{"loc":{"start":{"line":46,"column":27},"end":{"line":46,"column":73}},"type":"cond-expr","locations":[{"start":{"line":46,"column":37},"end":{"line":46,"column":56}},{"start":{"line":46,"column":59},"end":{"line":46,"column":73}}],"line":46},"8":{"loc":{"start":{"line":92,"column":23},"end":{"line":92,"column":76}},"type":"cond-expr","locations":[{"start":{"line":92,"column":35},"end":{"line":92,"column":53}},{"start":{"line":92,"column":56},"end":{"line":92,"column":76}}],"line":92},"9":{"loc":{"start":{"line":95,"column":13},"end":{"line":95,"column":52}},"type":"binary-expr","locations":[{"start":{"line":95,"column":13},"end":{"line":95,"column":29}},{"start":{"line":95,"column":33},"end":{"line":95,"column":52}}],"line":95},"10":{"loc":{"start":{"line":97,"column":11},"end":{"line":106,"column":18}},"type":"cond-expr","locations":[{"start":{"line":98,"column":12},"end":{"line":105,"column":19}},{"start":{"line":106,"column":14},"end":{"line":106,"column":18}}],"line":97}},"s":{"0":11,"1":1,"2":10,"3":10,"4":1,"5":9,"6":9,"7":6,"8":3,"9":1,"10":2,"11":2,"12":1,"13":1,"14":1,"15":1,"16":0,"17":11,"18":11,"19":11,"20":11,"21":11,"22":1},"f":{"0":11,"1":11,"2":11,"3":11},"b":{"0":[1,10],"1":[1,9],"2":[6,3],"3":[1,2],"4":[1,1],"5":[1,0],"6":[11,0],"7":[0,11],"8":[1,10],"9":[11,1],"10":[1,10]},"_coverageSchema":"1a1c01bbd47fc00a2c39e90264f33305004495a9","hash":"882abcd528e3b909ab55023305dd3f2f5aead836"}
}
