TN:
SF:src/features/chat/ChatListItem.tsx
FN:17,shortTime
FN:31,initial
FN:35,ChatListItem
FN:43,(anonymous_3)
FNF:4
FNH:4
FNDA:11,shortTime
FNDA:11,initial
FNDA:11,ChatListItem
FNDA:11,(anonymous_3)
DA:18,11
DA:19,10
DA:20,10
DA:21,9
DA:22,9
DA:23,3
DA:24,2
DA:25,2
DA:26,1
DA:27,1
DA:28,0
DA:32,11
DA:36,11
DA:37,11
DA:39,11
DA:43,11
DA:113,1
LF:17
LH:16
BRDA:18,0,0,1
BRDA:18,0,1,10
BRDA:20,1,0,1
BRDA:20,1,1,9
BRDA:22,2,0,6
BRDA:22,2,1,3
BRDA:23,3,0,1
BRDA:23,3,1,2
BRDA:25,4,0,1
BRDA:25,4,1,1
BRDA:27,5,0,1
BRDA:27,5,1,0
BRDA:32,6,0,11
BRDA:32,6,1,0
BRDA:46,7,0,0
BRDA:46,7,1,11
BRDA:92,8,0,1
BRDA:92,8,1,10
BRDA:95,9,0,11
BRDA:95,9,1,1
BRDA:97,10,0,1
BRDA:97,10,1,10
BRF:22
BRH:19
end_of_record
